This is pdfTeX, Version 3.14159265-2.6-1.40.19 (TeX Live 2019/dev/Debian) (preloaded format=pdflatex 2020.10.16)  26 FEB 2021 15:29
entering extended mode
 restricted \write18 enabled.
 %&-line parsing enabled.
**main.tex
(./main.tex
LaTeX2e <2018-12-01>
(/usr/share/texlive/texmf-dist/tex/latex/base/article.cls
Document Class: article 2018/09/03 v1.4i Standard LaTeX document class
(/usr/share/texlive/texmf-dist/tex/latex/base/size10.clo
File: size10.clo 2018/09/03 v1.4i Standard LaTeX file (size option)
)
\c@part=\count80
\c@section=\count81
\c@subsection=\count82
\c@subsubsection=\count83
\c@paragraph=\count84
\c@subparagraph=\count85
\c@figure=\count86
\c@table=\count87
\abovecaptionskip=\skip41
\belowcaptionskip=\skip42
\bibindent=\dimen102
)
(/usr/share/texlive/texmf-dist/tex/latex/geometry/geometry.sty
Package: geometry 2018/04/16 v5.8 Page Geometry

(/usr/share/texlive/texmf-dist/tex/latex/graphics/keyval.sty
Package: keyval 2014/10/28 v1.15 key=value parser (DPC)
\KV@toks@=\toks14
)
(/usr/share/texlive/texmf-dist/tex/generic/oberdiek/ifpdf.sty
Package: ifpdf 2018/09/07 v3.3 Provides the ifpdf switch
)
(/usr/share/texlive/texmf-dist/tex/generic/oberdiek/ifvtex.sty
Package: ifvtex 2016/05/16 v1.6 Detect VTeX and its facilities (HO)
Package ifvtex Info: VTeX not detected.
)
(/usr/share/texlive/texmf-dist/tex/generic/ifxetex/ifxetex.sty
Package: ifxetex 2010/09/12 v0.6 Provides ifxetex conditional
)
\Gm@cnth=\count88
\Gm@cntv=\count89
\c@Gm@tempcnt=\count90
\Gm@bindingoffset=\dimen103
\Gm@wd@mp=\dimen104
\Gm@odd@mp=\dimen105
\Gm@even@mp=\dimen106
\Gm@layoutwidth=\dimen107
\Gm@layoutheight=\dimen108
\Gm@layouthoffset=\dimen109
\Gm@layoutvoffset=\dimen110
\Gm@dimlist=\toks15
)
(/usr/share/texlive/texmf-dist/tex/latex/tools/multicol.sty
Package: multicol 2018/12/27 v1.8v multicolumn formatting (FMi)
\c@tracingmulticols=\count91
\mult@box=\box27
\multicol@leftmargin=\dimen111
\c@unbalance=\count92
\c@collectmore=\count93
\doublecol@number=\count94
\multicoltolerance=\count95
\multicolpretolerance=\count96
\full@width=\dimen112
\page@free=\dimen113
\premulticols=\dimen114
\postmulticols=\dimen115
\multicolsep=\skip43
\multicolbaselineskip=\skip44
\partial@page=\box28
\last@line=\box29
\maxbalancingoverflow=\dimen116
\mult@rightbox=\box30
\mult@grightbox=\box31
\mult@gfirstbox=\box32
\mult@firstbox=\box33
\@tempa=\box34
\@tempa=\box35
\@tempa=\box36
\@tempa=\box37
\@tempa=\box38
\@tempa=\box39
\@tempa=\box40
\@tempa=\box41
\@tempa=\box42
\@tempa=\box43
\@tempa=\box44
\@tempa=\box45
\@tempa=\box46
\@tempa=\box47
\@tempa=\box48
\@tempa=\box49
\@tempa=\box50
\c@columnbadness=\count97
\c@finalcolumnbadness=\count98
\last@try=\dimen117
\multicolovershoot=\dimen118
\multicolundershoot=\dimen119
\mult@nat@firstbox=\box51
\colbreak@box=\box52
\mc@col@check@num=\count99
)
(/usr/share/texlive/texmf-dist/tex/latex/multirow/multirow.sty
Package: multirow 2019/01/01 v2.4 Span multiple rows of a table
\multirow@colwidth=\skip45
\multirow@cntb=\count100
\multirow@dima=\skip46
\bigstrutjot=\dimen120
)
(/usr/share/texlive/texmf-dist/tex/latex/graphics/graphicx.sty
Package: graphicx 2017/06/01 v1.1a Enhanced LaTeX Graphics (DPC,SPQR)

(/usr/share/texlive/texmf-dist/tex/latex/graphics/graphics.sty
Package: graphics 2017/06/25 v1.2c Standard LaTeX Graphics (DPC,SPQR)

(/usr/share/texlive/texmf-dist/tex/latex/graphics/trig.sty
Package: trig 2016/01/03 v1.10 sin cos tan (DPC)
)
(/usr/share/texlive/texmf-dist/tex/latex/graphics-cfg/graphics.cfg
File: graphics.cfg 2016/06/04 v1.11 sample graphics configuration
)
Package graphics Info: Driver file: pdftex.def on input line 99.

(/usr/share/texlive/texmf-dist/tex/latex/graphics-def/pdftex.def
File: pdftex.def 2018/01/08 v1.0l Graphics/color driver for pdftex
))
\Gin@req@height=\dimen121
\Gin@req@width=\dimen122
)
(/usr/share/texlive/texmf-dist/tex/latex/graphics/color.sty
Package: color 2016/07/10 v1.1e Standard LaTeX Color (DPC)

(/usr/share/texlive/texmf-dist/tex/latex/graphics-cfg/color.cfg
File: color.cfg 2016/01/02 v1.6 sample color configuration
)
Package color Info: Driver file: pdftex.def on input line 147.
)
(/usr/share/texlive/texmf-dist/tex/latex/tools/tabularx.sty
Package: tabularx 2016/02/03 v2.11b `tabularx' package (DPC)

(/usr/share/texlive/texmf-dist/tex/latex/tools/array.sty
Package: array 2018/12/30 v2.4k Tabular extension package (FMi)
\col@sep=\dimen123
\ar@mcellbox=\box53
\extrarowheight=\dimen124
\NC@list=\toks16
\extratabsurround=\skip47
\backup@length=\skip48
\ar@cellbox=\box54
)
\TX@col@width=\dimen125
\TX@old@table=\dimen126
\TX@old@col=\dimen127
\TX@target=\dimen128
\TX@delta=\dimen129
\TX@cols=\count101
\TX@ftn=\toks17
)
(/usr/share/texlive/texmf-dist/tex/latex/float/float.sty
Package: float 2001/11/08 v1.3d Float enhancements (AL)
\c@float@type=\count102
\float@exts=\toks18
\float@box=\box55
\@float@everytoks=\toks19
\@floatcapt=\box56
)
(/usr/share/texlive/texmf-dist/tex/latex/base/fontenc.sty
Package: fontenc 2018/08/11 v2.0j Standard LaTeX package

(/usr/share/texlive/texmf-dist/tex/latex/base/t1enc.def
File: t1enc.def 2018/08/11 v2.0j Standard LaTeX file
LaTeX Font Info:    Redeclaring font encoding T1 on input line 48.
))
(/usr/share/texlive/texmf-dist/tex/latex/base/inputenc.sty
Package: inputenc 2018/08/11 v1.3c Input encoding file
\inpenc@prehook=\toks20
\inpenc@posthook=\toks21
)
(/usr/share/texlive/texmf-dist/tex/latex/microtype/microtype.sty
Package: microtype 2019/02/28 v2.7b Micro-typographical refinements (RS)
\MT@toks=\toks22
\MT@count=\count103
LaTeX Info: Redefining \textls on input line 790.
\MT@outer@kern=\dimen130
LaTeX Info: Redefining \textmicrotypecontext on input line 1336.
\MT@listname@count=\count104

(/usr/share/texlive/texmf-dist/tex/latex/microtype/microtype-pdftex.def
File: microtype-pdftex.def 2019/02/28 v2.7b Definitions specific to pdftex (RS)

LaTeX Info: Redefining \lsstyle on input line 914.
LaTeX Info: Redefining \lslig on input line 914.
\MT@outer@space=\skip49
)
Package microtype Info: Loading configuration file microtype.cfg.

(/usr/share/texlive/texmf-dist/tex/latex/microtype/microtype.cfg
File: microtype.cfg 2019/02/28 v2.7b microtype main configuration file (RS)
)) (./main.aux)
\openout1 = `main.aux'.

LaTeX Font Info:    Checking defaults for OML/cmm/m/it on input line 132.
LaTeX Font Info:    ... okay on input line 132.
LaTeX Font Info:    Checking defaults for T1/cmr/m/n on input line 132.
LaTeX Font Info:    ... okay on input line 132.
LaTeX Font Info:    Checking defaults for OT1/cmr/m/n on input line 132.
LaTeX Font Info:    ... okay on input line 132.
LaTeX Font Info:    Checking defaults for OMS/cmsy/m/n on input line 132.
LaTeX Font Info:    ... okay on input line 132.
LaTeX Font Info:    Checking defaults for OMX/cmex/m/n on input line 132.
LaTeX Font Info:    ... okay on input line 132.
LaTeX Font Info:    Checking defaults for U/cmr/m/n on input line 132.
LaTeX Font Info:    ... okay on input line 132.
*geometry* driver: auto-detecting
*geometry* detected driver: pdftex
*geometry* verbose mode - [ preamble ] result:
* driver: pdftex
* paper: a4paper
* layout: <same size as paper>
* layoutoffset:(h,v)=(0.0pt,0.0pt)
* modes: 
* h-part:(L,W,R)=(10.84006pt, 575.82776pt, 10.84006pt)
* v-part:(T,H,B)=(50.58878pt, 758.32307pt, 36.135pt)
* \paperwidth=597.50787pt
* \paperheight=845.04684pt
* \textwidth=575.82776pt
* \textheight=758.32307pt
* \oddsidemargin=-61.42993pt
* \evensidemargin=-61.42993pt
* \topmargin=-58.68121pt
* \headheight=12.0pt
* \headsep=25.0pt
* \topskip=10.0pt
* \footskip=18.06749pt
* \marginparwidth=0.0pt
* \marginparsep=11.0pt
* \columnsep=28.45274pt
* \skip\footins=9.0pt plus 4.0pt minus 2.0pt
* \hoffset=0.0pt
* \voffset=0.0pt
* \mag=1000
* \@twocolumnfalse
* \@twosidefalse
* \@mparswitchfalse
* \@reversemarginfalse
* (1in=72.27pt=25.4mm, 1cm=28.453pt)

(/usr/share/texlive/texmf-dist/tex/context/base/mkii/supp-pdf.mkii
[Loading MPS to PDF converter (version 2006.09.02).]
\scratchcounter=\count105
\scratchdimen=\dimen131
\scratchbox=\box57
\nofMPsegments=\count106
\nofMParguments=\count107
\everyMPshowfont=\toks23
\MPscratchCnt=\count108
\MPscratchDim=\dimen132
\MPnumerator=\count109
\makeMPintoPDFobject=\count110
\everyMPtoPDFconversion=\toks24
) (/usr/share/texlive/texmf-dist/tex/latex/oberdiek/epstopdf-base.sty
Package: epstopdf-base 2016/05/15 v2.6 Base part for package epstopdf

(/usr/share/texlive/texmf-dist/tex/generic/oberdiek/infwarerr.sty
Package: infwarerr 2016/05/16 v1.4 Providing info/warning/error messages (HO)
)
(/usr/share/texlive/texmf-dist/tex/latex/oberdiek/grfext.sty
Package: grfext 2016/05/16 v1.2 Manage graphics extensions (HO)

(/usr/share/texlive/texmf-dist/tex/generic/oberdiek/kvdefinekeys.sty
Package: kvdefinekeys 2016/05/16 v1.4 Define keys (HO)

(/usr/share/texlive/texmf-dist/tex/generic/oberdiek/ltxcmds.sty
Package: ltxcmds 2016/05/16 v1.23 LaTeX kernel commands for general use (HO)
)))
(/usr/share/texlive/texmf-dist/tex/latex/oberdiek/kvoptions.sty
Package: kvoptions 2016/05/16 v3.12 Key value format for package options (HO)

(/usr/share/texlive/texmf-dist/tex/generic/oberdiek/kvsetkeys.sty
Package: kvsetkeys 2016/05/16 v1.17 Key value parser (HO)

(/usr/share/texlive/texmf-dist/tex/generic/oberdiek/etexcmds.sty
Package: etexcmds 2016/05/16 v1.6 Avoid name clashes with e-TeX commands (HO)

(/usr/share/texlive/texmf-dist/tex/generic/oberdiek/ifluatex.sty
Package: ifluatex 2016/05/16 v1.4 Provides the ifluatex switch (HO)
Package ifluatex Info: LuaTeX not detected.
))))
(/usr/share/texlive/texmf-dist/tex/generic/oberdiek/pdftexcmds.sty
Package: pdftexcmds 2018/09/10 v0.29 Utility functions of pdfTeX for LuaTeX (HO
)
Package pdftexcmds Info: LuaTeX not detected.
Package pdftexcmds Info: \pdf@primitive is available.
Package pdftexcmds Info: \pdf@ifprimitive is available.
Package pdftexcmds Info: \pdfdraftmode found.
)
Package epstopdf-base Info: Redefining graphics rule for `.eps' on input line 4
38.
Package grfext Info: Graphics extension search list:
(grfext)             [.pdf,.png,.jpg,.mps,.jpeg,.jbig2,.jb2,.PDF,.PNG,.JPG,.JPE
G,.JBIG2,.JB2,.eps]
(grfext)             \AppendGraphicsExtensions on input line 456.

(/usr/share/texlive/texmf-dist/tex/latex/latexconfig/epstopdf-sys.cfg
File: epstopdf-sys.cfg 2010/07/13 v1.3 Configuration of (r)epstopdf for TeX Liv
e
))
LaTeX Info: Redefining \microtypecontext on input line 132.
Package microtype Info: Generating PDF output.
Package microtype Info: Character protrusion enabled (level 2).
Package microtype Info: Using default protrusion set `alltext'.
Package microtype Info: Automatic font expansion enabled (level 2),
(microtype)             stretch: 20, shrink: 20, step: 1, non-selected.
Package microtype Info: Using default expansion set `basictext'.
Package microtype Info: Tracking enabled.
Package microtype Info: Using default tracking set `smallcaps'.
Package microtype Info: No adjustment of interword spacing.
Package microtype Info: No adjustment of character kerning.

(/usr/share/texlive/texmf-dist/tex/latex/microtype/mt-cmr.cfg
File: mt-cmr.cfg 2013/05/19 v2.2 microtype config. file: Computer Modern Roman 
(RS)
)
Overfull \vbox (1.12462pt too high) detected at line 145
 []


Overfull \vbox (1.12462pt too high) detected at line 145
 []

(/usr/share/texlive/texmf-dist/tex/latex/psnfss/t1pbk.fd)
Overfull \vbox (1.12462pt too high) detected at line 145
 []


Overfull \vbox (1.12462pt too high) detected at line 145
 []


Overfull \vbox (1.12462pt too high) detected at line 145
 []


Overfull \vbox (1.12462pt too high) detected at line 145
 []

File: images/pll/aa.png Graphic file (type png)
<use images/pll/aa.png>
Package pdftex.def Info: images/pll/aa.png  used on input line 145.
(pdftex.def)             Requested size: 45.52544pt x 45.52458pt.

Overfull \vbox (1.12462pt too high) detected at line 145
 []

File: images/pll/ab.png Graphic file (type png)
<use images/pll/ab.png>
Package pdftex.def Info: images/pll/ab.png  used on input line 145.
(pdftex.def)             Requested size: 45.52544pt x 45.52458pt.

Overfull \vbox (1.12462pt too high) detected at line 145
 []


Package microtype Warning: tracking amount list `main.tex/145(10)' will
(microtype)                override list `main.tex/145(9)' for 
(microtype)                font `T1////' on input line 145.


Package microtype Warning: tracking amount list `main.tex/145(11)' will
(microtype)                override list `main.tex/145(10)' for 
(microtype)                font `T1////' on input line 145.


Package microtype Warning: tracking amount list `main.tex/145(12)' will
(microtype)                override list `main.tex/145(11)' for 
(microtype)                font `T1////' on input line 145.


Package microtype Warning: tracking amount list `main.tex/145(13)' will
(microtype)                override list `main.tex/145(12)' for 
(microtype)                font `T1////' on input line 145.

File: images/pll/e.png Graphic file (type png)
<use images/pll/e.png>
Package pdftex.def Info: images/pll/e.png  used on input line 145.
(pdftex.def)             Requested size: 45.52544pt x 45.52458pt.

Overfull \vbox (1.12462pt too high) detected at line 145
 []


Package microtype Warning: tracking amount list `main.tex/145(14)' will
(microtype)                override list `main.tex/145(13)' for 
(microtype)                font `T1////' on input line 145.


Overfull \vbox (1.12462pt too high) detected at line 159
 []


Overfull \vbox (1.12462pt too high) detected at line 159
 []


Overfull \vbox (1.12462pt too high) detected at line 159
 []


Overfull \vbox (1.12462pt too high) detected at line 159
 []


Overfull \vbox (1.12462pt too high) detected at line 159
 []


Overfull \vbox (1.12462pt too high) detected at line 159
 []


Overfull \vbox (1.12462pt too high) detected at line 159
 []


Overfull \vbox (1.12462pt too high) detected at line 159
 []

File: images/pll/ua.png Graphic file (type png)
<use images/pll/ua.png>
Package pdftex.def Info: images/pll/ua.png  used on input line 159.
(pdftex.def)             Requested size: 45.52544pt x 45.52458pt.

Overfull \vbox (1.12462pt too high) detected at line 159
 []

File: images/pll/ub.png Graphic file (type png)
<use images/pll/ub.png>
Package pdftex.def Info: images/pll/ub.png  used on input line 159.
(pdftex.def)             Requested size: 45.52544pt x 45.52458pt.

Overfull \vbox (1.12462pt too high) detected at line 159
 []


Package microtype Warning: tracking amount list `main.tex/159(28)' will
(microtype)                override list `main.tex/159(27)' for 
(microtype)                font `T1////' on input line 159.


Package microtype Warning: tracking amount list `main.tex/159(29)' will
(microtype)                override list `main.tex/159(28)' for 
(microtype)                font `T1////' on input line 159.


Package microtype Warning: tracking amount list `main.tex/159(30)' will
(microtype)                override list `main.tex/159(29)' for 
(microtype)                font `T1////' on input line 159.


Package microtype Warning: tracking amount list `main.tex/159(31)' will
(microtype)                override list `main.tex/159(30)' for 
(microtype)                font `T1////' on input line 159.

File: images/pll/h.png Graphic file (type png)
<use images/pll/h.png>
Package pdftex.def Info: images/pll/h.png  used on input line 159.
(pdftex.def)             Requested size: 45.52544pt x 45.52458pt.

Overfull \vbox (1.12462pt too high) detected at line 159
 []

File: images/pll/z.png Graphic file (type png)
<use images/pll/z.png>
Package pdftex.def Info: images/pll/z.png  used on input line 159.
(pdftex.def)             Requested size: 45.52544pt x 45.52458pt.

Overfull \vbox (1.12462pt too high) detected at line 159
 []


Package microtype Warning: tracking amount list `main.tex/159(32)' will
(microtype)                override list `main.tex/159(31)' for 
(microtype)                font `T1////' on input line 159.


Package microtype Warning: tracking amount list `main.tex/159(33)' will
(microtype)                override list `main.tex/159(32)' for 
(microtype)                font `T1////' on input line 159.


Package microtype Warning: tracking amount list `main.tex/159(34)' will
(microtype)                override list `main.tex/159(33)' for 
(microtype)                font `T1////' on input line 159.


Overfull \vbox (1.12462pt too high) detected at line 177
 []


Overfull \vbox (1.12462pt too high) detected at line 177
 []


Overfull \vbox (1.12462pt too high) detected at line 177
 []


Overfull \vbox (1.12462pt too high) detected at line 177
 []


Overfull \vbox (1.12462pt too high) detected at line 177
 []


Overfull \vbox (1.12462pt too high) detected at line 177
 []


Overfull \vbox (1.12462pt too high) detected at line 177
 []


Overfull \vbox (1.12462pt too high) detected at line 177
 []


Overfull \vbox (1.12462pt too high) detected at line 177
 []


Overfull \vbox (1.12462pt too high) detected at line 177
 []


Overfull \vbox (1.12462pt too high) detected at line 177
 []


Overfull \vbox (1.12462pt too high) detected at line 177
 []

File: images/pll/ja.png Graphic file (type png)
<use images/pll/ja.png>
Package pdftex.def Info: images/pll/ja.png  used on input line 177.
(pdftex.def)             Requested size: 45.52544pt x 45.52458pt.

Overfull \vbox (1.12462pt too high) detected at line 177
 []

File: images/pll/jb.png Graphic file (type png)
<use images/pll/jb.png>
Package pdftex.def Info: images/pll/jb.png  used on input line 177.
(pdftex.def)             Requested size: 45.52544pt x 45.52458pt.

Overfull \vbox (1.12462pt too high) detected at line 177
 []


Package microtype Warning: tracking amount list `main.tex/177(54)' will
(microtype)                override list `main.tex/177(53)' for 
(microtype)                font `T1////' on input line 177.


Package microtype Warning: tracking amount list `main.tex/177(55)' will
(microtype)                override list `main.tex/177(54)' for 
(microtype)                font `T1////' on input line 177.


Package microtype Warning: tracking amount list `main.tex/177(56)' will
(microtype)                override list `main.tex/177(55)' for 
(microtype)                font `T1////' on input line 177.


Package microtype Warning: tracking amount list `main.tex/177(57)' will
(microtype)                override list `main.tex/177(56)' for 
(microtype)                font `T1////' on input line 177.

File: images/pll/t.png Graphic file (type png)
<use images/pll/t.png>
Package pdftex.def Info: images/pll/t.png  used on input line 177.
(pdftex.def)             Requested size: 45.52544pt x 45.52458pt.

Overfull \vbox (1.12462pt too high) detected at line 177
 []

File: images/pll/f.png Graphic file (type png)
<use images/pll/f.png>
Package pdftex.def Info: images/pll/f.png  used on input line 177.
(pdftex.def)             Requested size: 45.52544pt x 45.52458pt.

Overfull \vbox (1.12462pt too high) detected at line 177
 []


Package microtype Warning: tracking amount list `main.tex/177(58)' will
(microtype)                override list `main.tex/177(57)' for 
(microtype)                font `T1////' on input line 177.


Package microtype Warning: tracking amount list `main.tex/177(59)' will
(microtype)                override list `main.tex/177(58)' for 
(microtype)                font `T1////' on input line 177.


Package microtype Warning: tracking amount list `main.tex/177(60)' will
(microtype)                override list `main.tex/177(59)' for 
(microtype)                font `T1////' on input line 177.

File: images/pll/ra.png Graphic file (type png)
<use images/pll/ra.png>
Package pdftex.def Info: images/pll/ra.png  used on input line 177.
(pdftex.def)             Requested size: 45.52544pt x 45.52458pt.

Overfull \vbox (1.12462pt too high) detected at line 177
 []

File: images/pll/rb.png Graphic file (type png)
<use images/pll/rb.png>
Package pdftex.def Info: images/pll/rb.png  used on input line 177.
(pdftex.def)             Requested size: 45.52544pt x 45.52458pt.

Overfull \vbox (1.12462pt too high) detected at line 177
 []


Package microtype Warning: tracking amount list `main.tex/177(61)' will
(microtype)                override list `main.tex/177(60)' for 
(microtype)                font `T1////' on input line 177.


Package microtype Warning: tracking amount list `main.tex/177(62)' will
(microtype)                override list `main.tex/177(61)' for 
(microtype)                font `T1////' on input line 177.


Package microtype Warning: tracking amount list `main.tex/177(63)' will
(microtype)                override list `main.tex/177(62)' for 
(microtype)                font `T1////' on input line 177.


Overfull \vbox (1.12462pt too high) detected at line 191
 []


Overfull \vbox (1.12462pt too high) detected at line 191
 []


Overfull \vbox (1.12462pt too high) detected at line 191
 []


Overfull \vbox (1.12462pt too high) detected at line 191
 []


Overfull \vbox (1.12462pt too high) detected at line 191
 []


Overfull \vbox (1.12462pt too high) detected at line 191
 []


Overfull \vbox (1.12462pt too high) detected at line 191
 []


Overfull \vbox (1.12462pt too high) detected at line 191
 []

File: images/pll/y.png Graphic file (type png)
<use images/pll/y.png>
Package pdftex.def Info: images/pll/y.png  used on input line 191.
(pdftex.def)             Requested size: 45.52544pt x 45.52458pt.

Overfull \vbox (1.12462pt too high) detected at line 191
 []

File: images/pll/v.png Graphic file (type png)
<use images/pll/v.png>
Package pdftex.def Info: images/pll/v.png  used on input line 191.
(pdftex.def)             Requested size: 45.52544pt x 45.52458pt.

Overfull \vbox (1.12462pt too high) detected at line 191
 []


Package microtype Warning: tracking amount list `main.tex/191(73)' will
(microtype)                override list `main.tex/191(72)' for 
(microtype)                font `T1////' on input line 191.


Package microtype Warning: tracking amount list `main.tex/191(74)' will
(microtype)                override list `main.tex/191(73)' for 
(microtype)                font `T1////' on input line 191.

File: images/pll/na.png Graphic file (type png)
<use images/pll/na.png>
Package pdftex.def Info: images/pll/na.png  used on input line 191.
(pdftex.def)             Requested size: 45.52544pt x 45.52458pt.

Overfull \vbox (1.12462pt too high) detected at line 191
 []

File: images/pll/nb.png Graphic file (type png)
<use images/pll/nb.png>
Package pdftex.def Info: images/pll/nb.png  used on input line 191.
(pdftex.def)             Requested size: 45.52544pt x 45.52458pt.

Overfull \vbox (1.12462pt too high) detected at line 191
 []


Package microtype Warning: tracking amount list `main.tex/191(75)' will
(microtype)                override list `main.tex/191(74)' for 
(microtype)                font `T1////' on input line 191.


Package microtype Warning: tracking amount list `main.tex/191(76)' will
(microtype)                override list `main.tex/191(75)' for 
(microtype)                font `T1////' on input line 191.


Package microtype Warning: tracking amount list `main.tex/191(77)' will
(microtype)                override list `main.tex/191(76)' for 
(microtype)                font `T1////' on input line 191.


Overfull \vbox (1.12462pt too high) detected at line 205
 []


Overfull \vbox (1.12462pt too high) detected at line 205
 []


Overfull \vbox (1.12462pt too high) detected at line 205
 []


Overfull \vbox (1.12462pt too high) detected at line 205
 []


Overfull \vbox (1.12462pt too high) detected at line 205
 []


Overfull \vbox (1.12462pt too high) detected at line 205
 []


Overfull \vbox (1.12462pt too high) detected at line 205
 []


Overfull \vbox (1.12462pt too high) detected at line 205
 []

File: images/pll/ga.png Graphic file (type png)
<use images/pll/ga.png>
Package pdftex.def Info: images/pll/ga.png  used on input line 205.
(pdftex.def)             Requested size: 45.52544pt x 45.52458pt.

Overfull \vbox (1.12462pt too high) detected at line 205
 []

File: images/pll/gb.png Graphic file (type png)
<use images/pll/gb.png>
Package pdftex.def Info: images/pll/gb.png  used on input line 205.
(pdftex.def)             Requested size: 45.52544pt x 45.52458pt.

Overfull \vbox (1.12462pt too high) detected at line 205
 []


Package microtype Warning: tracking amount list `main.tex/205(93)' will
(microtype)                override list `main.tex/205(92)' for 
(microtype)                font `T1////' on input line 205.


Package microtype Warning: tracking amount list `main.tex/205(94)' will
(microtype)                override list `main.tex/205(93)' for 
(microtype)                font `T1////' on input line 205.


Package microtype Warning: tracking amount list `main.tex/205(95)' will
(microtype)                override list `main.tex/205(94)' for 
(microtype)                font `T1////' on input line 205.


Package microtype Warning: tracking amount list `main.tex/205(96)' will
(microtype)                override list `main.tex/205(95)' for 
(microtype)                font `T1////' on input line 205.

File: images/pll/gc.png Graphic file (type png)
<use images/pll/gc.png>
Package pdftex.def Info: images/pll/gc.png  used on input line 205.
(pdftex.def)             Requested size: 45.52544pt x 45.52458pt.

Overfull \vbox (1.12462pt too high) detected at line 205
 []

File: images/pll/gd.png Graphic file (type png)
<use images/pll/gd.png>
Package pdftex.def Info: images/pll/gd.png  used on input line 205.
(pdftex.def)             Requested size: 45.52544pt x 45.52458pt.

Overfull \vbox (1.12462pt too high) detected at line 205
 []


Package microtype Warning: tracking amount list `main.tex/205(97)' will
(microtype)                override list `main.tex/205(96)' for 
(microtype)                font `T1////' on input line 205.


Package microtype Warning: tracking amount list `main.tex/205(98)' will
(microtype)                override list `main.tex/205(97)' for 
(microtype)                font `T1////' on input line 205.


Package microtype Warning: tracking amount list `main.tex/205(99)' will
(microtype)                override list `main.tex/205(98)' for 
(microtype)                font `T1////' on input line 205.


Package microtype Warning: tracking amount list `main.tex/205(100)' will
(microtype)                override list `main.tex/205(99)' for 
(microtype)                font `T1////' on input line 205.

[1

{/var/lib/texmf/fonts/map/pdftex/updmap/pdftex.map} <./images/pll/aa.png> <./im
ages/pll/ab.png> <./images/pll/e.png> <./images/pll/ua.png> <./images/pll/ub.pn
g> <./images/pll/h.png> <./images/pll/z.png> <./images/pll/ja.png> <./images/pl
l/jb.png> <./images/pll/t.png> <./images/pll/f.png> <./images/pll/ra.png> <./im
ages/pll/rb.png> <./images/pll/y.png> <./images/pll/v.png> <./images/pll/na.png
> <./images/pll/nb.png>]
Overfull \vbox (1.12462pt too high) detected at line 221
 []


Overfull \vbox (1.12462pt too high) detected at line 221
 []


Overfull \vbox (1.12462pt too high) detected at line 221
 []


Overfull \vbox (1.12462pt too high) detected at line 221
 []


Overfull \vbox (1.12462pt too high) detected at line 221
 []


Overfull \vbox (1.12462pt too high) detected at line 221
 []


Overfull \vbox (1.12462pt too high) detected at line 221
 []


Overfull \vbox (1.12462pt too high) detected at line 221
 []

File: images/oll/O45.png Graphic file (type png)
<use images/oll/O45.png>
Package pdftex.def Info: images/oll/O45.png  used on input line 221.
(pdftex.def)             Requested size: 45.52518pt x 45.52458pt.

Overfull \vbox (1.12462pt too high) detected at line 221
 []

File: images/oll/p.png Graphic file (type png)
<use images/oll/p.png>
Package pdftex.def Info: images/oll/p.png  used on input line 221.
(pdftex.def)             Requested size: 45.52518pt x 45.52458pt.

Overfull \vbox (1.12462pt too high) detected at line 221
 []


Package microtype Warning: tracking amount list `main.tex/221(108)' will
(microtype)                override list `main.tex/221(107)' for 
(microtype)                font `T1////' on input line 221.


Package microtype Warning: tracking amount list `main.tex/221(109)' will
(microtype)                override list `main.tex/221(108)' for 
(microtype)                font `T1////' on input line 221.

File: images/oll/O45.png Graphic file (type png)
<use images/oll/O45.png>
Package pdftex.def Info: images/oll/O45.png  used on input line 221.
(pdftex.def)             Requested size: 45.52518pt x 45.52458pt.

Overfull \vbox (1.12462pt too high) detected at line 221
 []

File: images/oll/p.png Graphic file (type png)
<use images/oll/p.png>
Package pdftex.def Info: images/oll/p.png  used on input line 221.
(pdftex.def)             Requested size: 45.52518pt x 45.52458pt.

Overfull \vbox (1.12462pt too high) detected at line 221
 []


Package microtype Warning: tracking amount list `main.tex/221(110)' will
(microtype)                override list `main.tex/221(109)' for 
(microtype)                font `T1////' on input line 221.


Package microtype Warning: tracking amount list `main.tex/221(111)' will
(microtype)                override list `main.tex/221(110)' for 
(microtype)                font `T1////' on input line 221.


Overfull \vbox (1.12462pt too high) detected at line 244
 []


Overfull \vbox (1.12462pt too high) detected at line 244
 []


Overfull \vbox (1.12462pt too high) detected at line 244
 []


Overfull \vbox (1.12462pt too high) detected at line 244
 []


Overfull \vbox (1.12462pt too high) detected at line 244
 []


Overfull \vbox (1.12462pt too high) detected at line 244
 []


Overfull \vbox (1.12462pt too high) detected at line 244
 []


Overfull \vbox (1.12462pt too high) detected at line 244
 []


Overfull \vbox (1.12462pt too high) detected at line 244
 []


Overfull \vbox (1.12462pt too high) detected at line 244
 []


Overfull \vbox (1.12462pt too high) detected at line 244
 []


Overfull \vbox (1.12462pt too high) detected at line 244
 []


Overfull \vbox (1.12462pt too high) detected at line 244
 []


Overfull \vbox (1.12462pt too high) detected at line 244
 []

File: images/oll/sune.png Graphic file (type png)
<use images/oll/sune.png>
Package pdftex.def Info: images/oll/sune.png  used on input line 244.
(pdftex.def)             Requested size: 45.52518pt x 45.52458pt.

Overfull \vbox (1.12462pt too high) detected at line 244
 []

File: images/oll/antisune.png Graphic file (type png)
<use images/oll/antisune.png>
Package pdftex.def Info: images/oll/antisune.png  used on input line 244.
(pdftex.def)             Requested size: 45.52518pt x 45.52458pt.

Overfull \vbox (1.12462pt too high) detected at line 244
 []


Package microtype Warning: tracking amount list `main.tex/244(139)' will
(microtype)                override list `main.tex/244(138)' for 
(microtype)                font `T1////' on input line 244.


Package microtype Warning: tracking amount list `main.tex/244(140)' will
(microtype)                override list `main.tex/244(139)' for 
(microtype)                font `T1////' on input line 244.


Package microtype Warning: tracking amount list `main.tex/244(141)' will
(microtype)                override list `main.tex/244(140)' for 
(microtype)                font `T1////' on input line 244.


Package microtype Warning: tracking amount list `main.tex/244(142)' will
(microtype)                override list `main.tex/244(141)' for 
(microtype)                font `T1////' on input line 244.

File: images/oll/pi.png Graphic file (type png)
<use images/oll/pi.png>
Package pdftex.def Info: images/oll/pi.png  used on input line 244.
(pdftex.def)             Requested size: 45.52518pt x 45.52458pt.

Overfull \vbox (1.12462pt too high) detected at line 244
 []

File: images/oll/cross.png Graphic file (type png)
<use images/oll/cross.png>
Package pdftex.def Info: images/oll/cross.png  used on input line 244.
(pdftex.def)             Requested size: 45.52518pt x 45.52458pt.

Overfull \vbox (1.12462pt too high) detected at line 244
 []


Package microtype Warning: tracking amount list `main.tex/244(143)' will
(microtype)                override list `main.tex/244(142)' for 
(microtype)                font `T1////' on input line 244.


Package microtype Warning: tracking amount list `main.tex/244(144)' will
(microtype)                override list `main.tex/244(143)' for 
(microtype)                font `T1////' on input line 244.


Package microtype Warning: tracking amount list `main.tex/244(145)' will
(microtype)                override list `main.tex/244(144)' for 
(microtype)                font `T1////' on input line 244.


Package microtype Warning: tracking amount list `main.tex/244(146)' will
(microtype)                override list `main.tex/244(145)' for 
(microtype)                font `T1////' on input line 244.

File: images/oll/t.png Graphic file (type png)
<use images/oll/t.png>
Package pdftex.def Info: images/oll/t.png  used on input line 244.
(pdftex.def)             Requested size: 45.52518pt x 45.52458pt.

Overfull \vbox (1.12462pt too high) detected at line 244
 []

File: images/oll/l.png Graphic file (type png)
<use images/oll/l.png>
Package pdftex.def Info: images/oll/l.png  used on input line 244.
(pdftex.def)             Requested size: 45.52518pt x 45.52458pt.

Overfull \vbox (1.12462pt too high) detected at line 244
 []


Package microtype Warning: tracking amount list `main.tex/244(147)' will
(microtype)                override list `main.tex/244(146)' for 
(microtype)                font `T1////' on input line 244.


Package microtype Warning: tracking amount list `main.tex/244(148)' will
(microtype)                override list `main.tex/244(147)' for 
(microtype)                font `T1////' on input line 244.


Package microtype Warning: tracking amount list `main.tex/244(149)' will
(microtype)                override list `main.tex/244(148)' for 
(microtype)                font `T1////' on input line 244.


Package microtype Warning: tracking amount list `main.tex/244(150)' will
(microtype)                override list `main.tex/244(149)' for 
(microtype)                font `T1////' on input line 244.

File: images/oll/headlights.png Graphic file (type png)
<use images/oll/headlights.png>
Package pdftex.def Info: images/oll/headlights.png  used on input line 244.
(pdftex.def)             Requested size: 45.52518pt x 45.52458pt.

Overfull \vbox (1.12462pt too high) detected at line 244
 []


Package microtype Warning: tracking amount list `main.tex/244(151)' will
(microtype)                override list `main.tex/244(150)' for 
(microtype)                font `T1////' on input line 244.


Package microtype Warning: tracking amount list `main.tex/244(152)' will
(microtype)                override list `main.tex/244(151)' for 
(microtype)                font `T1////' on input line 244.

[2 <./images/pll/ga.png> <./images/pll/gb.png> <./images/pll/gc.png> <./images/
pll/gd.png> <./images/oll/O45.png> <./images/oll/p.png> <./images/oll/sune.png>
 <./images/oll/antisune.png> <./images/oll/pi.png> <./images/oll/cross.png> <./
images/oll/t.png> <./images/oll/l.png> <./images/oll/headlights.png>]
(./main.aux) ) 
Here is how much of TeX's memory you used:
 4961 strings out of 492615
 83490 string characters out of 6131389
 197719 words of memory out of 5000000
 8621 multiletter control sequences out of 15000+600000
 12460 words of font info for 33 fonts, out of 8000000 for 9000
 1141 hyphenation exceptions out of 8191
 41i,14n,38p,271b,382s stack positions out of 5000i,500n,10000p,200000b,80000s
{/usr/share/texlive/texmf-dist/fonts/enc/dvips/base/8r.enc}{/usr/
share/texmf/fonts/enc/dvips/cm-super/cm-super-t1.enc}</usr/share/texmf/fonts/ty
pe1/public/cm-super/sfbx1000.pfb></usr/share/texmf/fonts/type1/public/cm-super/
sfbx1200.pfb></usr/share/texmf/fonts/type1/public/cm-super/sfbx1440.pfb></usr/s
hare/texmf/fonts/type1/public/cm-super/sfrm0800.pfb></usr/share/texlive/texmf-d
ist/fonts/type1/urw/bookman/ubkd8a.pfb></usr/share/texlive/texmf-dist/fonts/typ
e1/urw/bookman/ubkl8a.pfb>
Output written on main.pdf (2 pages, 131155 bytes).
PDF statistics:
 97 PDF objects out of 1000 (max. 8388607)
 26 compressed objects within 1 object stream
 0 named destinations out of 1000 (max. 500000)
 12439 words of extra memory for PDF output out of 14400 (max. 10000000)

